<?xml version="1.0" encoding="UTF-8"?>
<testsuite xmlns:xsi="http://www.w3.org/2001/XMLSchema-instance" xsi:noNamespaceSchemaLocation="https://maven.apache.org/surefire/maven-surefire-plugin/xsd/surefire-test-report-3.0.xsd" version="3.0" name="org.example.room.MultiBedRoomTest" time="0.013" tests="11" errors="0" skipped="0" failures="0">
  <properties>
[...]
</properties>
  <testcase name="testGetNumberOfGuests_EmptyRoom" classname="org.example.room.MultiBedRoomTest" time="0.001"/>
  <testcase name="testGetPrice" classname="org.example.room.MultiBedRoomTest" time="0.001"/>
  <testcase name="testMultiBedRoomConstructor_Valid" classname="org.example.room.MultiBedRoomTest" time="0.001"/>
  <testcase name="testEvictGuest_Success" classname="org.example.room.MultiBedRoomTest" time="0"/>
  <testcase name="testEvictGuest_FailWhenGuestNotFound" classname="org.example.room.MultiBedRoomTest" time="0.002"/>
  <testcase name="testGetNumberOfGuests_AfterCheckIn" classname="org.example.room.MultiBedRoomTest" time="0.001"/>
  <testcase name="testEvictGuest_AfterMultipleGuests" classname="org.example.room.MultiBedRoomTest" time="0.001"/>
  <testcase name="testCheckInGuest_FailWhenRoomIsFull" classname="org.example.room.MultiBedRoomTest" time="0.002"/>
  <testcase name="testGetRoomSize" classname="org.example.room.MultiBedRoomTest" time="0.001"/>
  <testcase name="testGetRoomType" classname="org.example.room.MultiBedRoomTest" time="0.001"/>
  <testcase name="testCheckInGuest_Success" classname="org.example.room.MultiBedRoomTest" time="0.001"/>
</testsuite>